#
# There is insufficient memory for the Java Runtime Environment to continue.
# Native memory allocation (mmap) failed to map 134217728 bytes for G1 virtual space
# Possible reasons:
#   The system is out of physical RAM or swap space
#   The process is running with CompressedOops enabled, and the Java Heap may be blocking the growth of the native heap
# Possible solutions:
#   Reduce memory load on the system
#   Increase physical memory or swap space
#   Check if swap backing store is full
#   Decrease Java heap size (-Xmx/-Xms)
#   Decrease number of Java threads
#   Decrease Java thread stack sizes (-Xss)
#   Set larger code cache with -XX:ReservedCodeCacheSize=
#   JVM is running with Unscaled Compressed Oops mode in which the Java heap is
#     placed in the first 4GB address space. The Java Heap base address is the
#     maximum limit for the native heap growth. Please use -XX:HeapBaseMinAddress
#     to set the Java Heap base and to place the Java Heap above 4GB virtual address.
# This output file may be truncated or incomplete.
#
#  Out of Memory Error (os_windows.cpp:3530), pid=7808, tid=10880
#
# JRE version:  (18.0.2.1+1) (build )
# Java VM: Java HotSpot(TM) 64-Bit Server VM (18.0.2.1+1-1, mixed mode, sharing, tiered, compressed oops, compressed class ptrs, g1 gc, windows-amd64)
# No core dump will be written. Minidumps are not enabled by default on client versions of Windows
#

---------------  S U M M A R Y ------------

Command Line: -Dfile.encoding=ISO-8859-1 --module-path=E:\python\Documents\NetBeansProjects\CRUD\build\classes AppJDBC

Host: Intel(R) Core(TM) i3-7350K CPU @ 4.20GHz, 4 cores, 7G,  Windows 10 , 64 bit Build 19041 (10.0.19041.2251)
Time: Sun Nov 13 12:14:57 2022 E. South America Standard Time elapsed time: 0.010956 seconds (0d 0h 0m 0s)

---------------  T H R E A D  ---------------

Current thread (0x0000028f002ebfe0):  JavaThread "Unknown thread" [_thread_in_vm, id=10880, stack(0x000000dcfdb00000,0x000000dcfdc00000)]

Stack: [0x000000dcfdb00000,0x000000dcfdc00000]
Native frames: (J=compiled Java code, j=interpreted, Vv=VM code, C=native code)
V  [jvm.dll+0x6993aa]
V  [jvm.dll+0x7f46dd]
V  [jvm.dll+0x7f5fee]
V  [jvm.dll+0x7f66a3]
V  [jvm.dll+0x25cf1f]
V  [jvm.dll+0x6962f9]
V  [jvm.dll+0x68ae2a]
V  [jvm.dll+0x32255b]
V  [jvm.dll+0x329f36]
V  [jvm.dll+0x37eade]
V  [jvm.dll+0x37ed0f]
V  [jvm.dll+0x2fa2da]
V  [jvm.dll+0x2fb33d]
V  [jvm.dll+0x7c3310]
V  [jvm.dll+0x38be61]
V  [jvm.dll+0x7a2023]
V  [jvm.dll+0x40dc3f]
V  [jvm.dll+0x40f611]
C  [jli.dll+0x526b]
C  [ucrtbase.dll+0x21bb2]
C  [KERNEL32.DLL+0x174b4]
C  [ntdll.dll+0x526a1]


---------------  P R O C E S S  ---------------

Threads class SMR info:
_java_thread_list=0x00007ffc22c2e550, length=0, elements={
}

Java Threads: ( => current thread )

Other Threads:
  0x0000028f0238bfd0 WorkerThread "GC Thread#0" [stack: 0x000000dcfdc00000,0x000000dcfdd00000] [id=6120]
  0x0000028f0239cc80 ConcurrentGCThread "G1 Main Marker" [stack: 0x000000dcfdd00000,0x000000dcfde00000] [id=7532]
  0x0000028f0239e680 WorkerThread "G1 Conc#0" [stack: 0x000000dcfde00000,0x000000dcfdf00000] [id=13300]

[error occurred during error reporting (printing all threads), id 0xc0000005, EXCEPTION_ACCESS_VIOLATION (0xc0000005) at pc=0x00007ffc2245a877]

VM state: not at safepoint (not fully initialized)

VM Mutex/Monitor currently owned by a thread:  ([mutex/lock_event])
[0x0000028f0232e1c0] Heap_lock - owner thread: 0x0000028f002ebfe0

Heap address: 0x0000000081400000, size: 2028 MB, Compressed Oops mode: 32-bit

CDS archive(s) mapped at: [0x0000000000000000-0x0000000000000000-0x0000000000000000), size 0, SharedBaseAddress: 0x0000000800000000, ArchiveRelocationMode: 0.
Narrow klass base: 0x0000000000000000, Narrow klass shift: 0, Narrow klass range: 0x0

GC Precious Log:
 CardTable entry size: 512
 Card Set container configuration: InlinePtr #cards 5 size 8 Array Of Cards #cards 12 size 40 Howl #buckets 4 coarsen threshold 1843 Howl Bitmap #cards 512 size 80 coarsen threshold 460 Card regions per heap region 1 cards per card region 2048

Heap:
 garbage-first heap   total 0K, used 0K [0x0000000081400000, 0x0000000100000000)
  region size 1024K, 0 young (0K), 0 survivors (0K)

[error occurred during error reporting (printing heap information), id 0xc0000005, EXCEPTION_ACCESS_VIOLATION (0xc0000005) at pc=0x00007ffc22841839]

GC Heap History (0 events):
No events

Deoptimization events (0 events):
No events

Classes loaded (0 events):
No events

Classes unloaded (0 events):
No events

Classes redefined (0 events):
No events

Internal exceptions (0 events):
No events

VM Operations (0 events):
No events

Events (1 events):
Event: 0.005 Loaded shared library C:\Program Files\Java\jdk-18.0.2.1\bin\java.dll


Dynamic libraries:
0x00007ff77a450000 - 0x00007ff77a460000 	C:\Program Files\Java\jdk-18.0.2.1\bin\java.exe
0x00007ffcab750000 - 0x00007ffcab948000 	C:\Windows\SYSTEM32\ntdll.dll
0x00007ffcaa2d0000 - 0x00007ffcaa38f000 	C:\Windows\System32\KERNEL32.DLL
0x00007ffca8ec0000 - 0x00007ffca9192000 	C:\Windows\System32\KERNELBASE.dll
0x00007ffca95e0000 - 0x00007ffca96e0000 	C:\Windows\System32\ucrtbase.dll
0x00007ffca2890000 - 0x00007ffca28aa000 	C:\Program Files\Java\jdk-18.0.2.1\bin\VCRUNTIME140.dll
0x00007ffca4220000 - 0x00007ffca4238000 	C:\Program Files\Java\jdk-18.0.2.1\bin\jli.dll
0x00007ffca97a0000 - 0x00007ffca984e000 	C:\Windows\System32\ADVAPI32.dll
0x00007ffca98b0000 - 0x00007ffca994e000 	C:\Windows\System32\msvcrt.dll
0x00007ffca99e0000 - 0x00007ffca9a7c000 	C:\Windows\System32\sechost.dll
0x00007ffcaa9c0000 - 0x00007ffcaaae5000 	C:\Windows\System32\RPCRT4.dll
0x00007ffcaa620000 - 0x00007ffcaa7bd000 	C:\Windows\System32\USER32.dll
0x00007ffc85090000 - 0x00007ffc8532a000 	C:\Windows\WinSxS\amd64_microsoft.windows.common-controls_6595b64144ccf1df_6.0.19041.1110_none_60b5254171f9507e\COMCTL32.dll
0x00007ffca96e0000 - 0x00007ffca9702000 	C:\Windows\System32\win32u.dll
0x00007ffca9950000 - 0x00007ffca997b000 	C:\Windows\System32\GDI32.dll
0x00007ffca91a0000 - 0x00007ffca92af000 	C:\Windows\System32\gdi32full.dll
0x00007ffca9460000 - 0x00007ffca94fd000 	C:\Windows\System32\msvcp_win.dll
0x00007ffca4550000 - 0x00007ffca455a000 	C:\Windows\SYSTEM32\VERSION.dll
0x00007ffcaa200000 - 0x00007ffcaa232000 	C:\Windows\System32\IMM32.DLL
0x00007ffca3100000 - 0x00007ffca310c000 	C:\Program Files\Java\jdk-18.0.2.1\bin\vcruntime140_1.dll
0x00007ffc87500000 - 0x00007ffc8758d000 	C:\Program Files\Java\jdk-18.0.2.1\bin\msvcp140.dll
0x00007ffc22150000 - 0x00007ffc22d61000 	C:\Program Files\Java\jdk-18.0.2.1\bin\server\jvm.dll
0x00007ffcaa9b0000 - 0x00007ffcaa9b8000 	C:\Windows\System32\PSAPI.DLL
0x00007ffca1970000 - 0x00007ffca1979000 	C:\Windows\SYSTEM32\WSOCK32.dll
0x00007ffc853d0000 - 0x00007ffc853f7000 	C:\Windows\SYSTEM32\WINMM.dll
0x00007ffcaa180000 - 0x00007ffcaa1eb000 	C:\Windows\System32\WS2_32.dll
0x00007ffca6d30000 - 0x00007ffca6d42000 	C:\Windows\SYSTEM32\kernel.appcore.dll
0x00007ffca2910000 - 0x00007ffca291a000 	C:\Program Files\Java\jdk-18.0.2.1\bin\jimage.dll
0x00007ffca3340000 - 0x00007ffca3524000 	C:\Windows\SYSTEM32\DBGHELP.DLL
0x00007ffca32a0000 - 0x00007ffca32cc000 	C:\Windows\SYSTEM32\dbgcore.DLL
0x00007ffca9710000 - 0x00007ffca9792000 	C:\Windows\System32\bcryptPrimitives.dll
0x00007ffca2800000 - 0x00007ffca2825000 	C:\Program Files\Java\jdk-18.0.2.1\bin\java.dll

dbghelp: loaded successfully - version: 4.0.5 - missing functions: none
symbol engine: initialized successfully - sym options: 0x614 - pdb path: .;C:\Program Files\Java\jdk-18.0.2.1\bin;C:\Windows\SYSTEM32;C:\Windows\WinSxS\amd64_microsoft.windows.common-controls_6595b64144ccf1df_6.0.19041.1110_none_60b5254171f9507e;C:\Program Files\Java\jdk-18.0.2.1\bin\server

VM Arguments:
jvm_args: -Dfile.encoding=ISO-8859-1 --module-path=E:\python\Documents\NetBeansProjects\CRUD\build\classes 
java_command: AppJDBC
java_class_path (initial): E:\python\Downloads\jdbc-mysql-recreio-20221106\jdbc-mysql-recreio\lib\mysql-connector-java-8.0.30.jar;E:\python\Documents\NetBeansProjects\CRUD\build\classes
Launcher Type: SUN_STANDARD

[Global flags]
     intx CICompilerCount                          = 3                                         {product} {ergonomic}
     uint ConcGCThreads                            = 1                                         {product} {ergonomic}
     uint G1ConcRefinementThreads                  = 4                                         {product} {ergonomic}
   size_t G1HeapRegionSize                         = 1048576                                   {product} {ergonomic}
    uintx GCDrainStackTargetSize                   = 64                                        {product} {ergonomic}
   size_t InitialHeapSize                          = 134217728                                 {product} {ergonomic}
   size_t MarkStackSize                            = 4194304                                   {product} {ergonomic}
   size_t MaxHeapSize                              = 2126512128                                {product} {ergonomic}
   size_t MinHeapDeltaBytes                        = 1048576                                   {product} {ergonomic}
   size_t MinHeapSize                              = 8388608                                   {product} {ergonomic}
    uintx NonNMethodCodeHeapSize                   = 5832780                                {pd product} {ergonomic}
    uintx NonProfiledCodeHeapSize                  = 122912730                              {pd product} {ergonomic}
    uintx ProfiledCodeHeapSize                     = 122912730                              {pd product} {ergonomic}
    uintx ReservedCodeCacheSize                    = 251658240                              {pd product} {ergonomic}
     bool SegmentedCodeCache                       = true                                      {product} {ergonomic}
   size_t SoftMaxHeapSize                          = 2126512128                             {manageable} {ergonomic}
     bool UseCompressedClassPointers               = true                           {product lp64_product} {ergonomic}
     bool UseCompressedOops                        = true                           {product lp64_product} {ergonomic}
     bool UseG1GC                                  = true                                      {product} {ergonomic}
     bool UseLargePagesIndividualAllocation        = false                                  {pd product} {ergonomic}

Logging:
Log output configuration:
 #0: stdout all=warning uptime,level,tags foldmultilines=false
 #1: stderr all=off uptime,level,tags foldmultilines=false

Environment Variables:
JAVA_HOME=C:\Program Files\Java\jdk-17.0.4
PATH=C:\Program Files\Common Files\Oracle\Java\javapath;C:\Program Files (x86)\Common Files\Oracle\Java\javapath;C:\Windows\system32;C:\Windows;C:\Windows\System32\Wbem;C:\Windows\System32\WindowsPowerShell\v1.0\;C:\Windows\System32\OpenSSH\;F:\Cursos\nodejs\;C:\Users\Bruno\AppData\Local\Programs\Python\Python310\Scripts\;C:\Users\Bruno\AppData\Local\Programs\Python\Python310\;C:\Users\Bruno\AppData\Local\Microsoft\WindowsApps;C:\Users\Bruno\AppData\Local\Programs\Microsoft VS Code\bin;C:\Users\Bruno\AppData\Local\GitHubDesktop\bin;C:\Users\Bruno\AppData\Roaming\npm;C:\Users\Bruno\AppData\Local\Android\Sdk\platform-tools;
USERNAME=Bruno
OS=Windows_NT
PROCESSOR_IDENTIFIER=Intel64 Family 6 Model 158 Stepping 9, GenuineIntel



---------------  S Y S T E M  ---------------

OS:
 Windows 10 , 64 bit Build 19041 (10.0.19041.2251)
OS uptime: 3 days 18:31 hours

CPU: total 4 (initial active 4) (2 cores per cpu, 2 threads per core) family 6 model 158 stepping 9 microcode 0xb4, cx8, cmov, fxsr, ht, mmx, 3dnowpref, sse, sse2, sse3, ssse3, sse4.1, sse4.2, popcnt, lzcnt, tsc, tscinvbit, avx, avx2, aes, erms, clmul, bmi1, bmi2, rtm, adx, fma, vzeroupper, clflush, clflushopt

Memory: 4k page, system-wide physical 8104M (1377M free)
TotalPageFile size 12200M (AvailPageFile size 88M)
current process WorkingSet (physical memory assigned to process): 10M, peak: 10M
current process commit charge ("private bytes"): 52M, peak: 179M

vm_info: Java HotSpot(TM) 64-Bit Server VM (18.0.2.1+1-1) for windows-amd64 JRE (18.0.2.1+1-1), built on Aug 16 2022 01:46:33 by "mach5one" with MS VC++ 16.8 / 16.9 (VS2019)

END.
